<?xml version="1.0" encoding="UTF-8"?>
<!-- Generated by org.testng.reporters.JUnitReportReporter -->
<testsuite hostname="LAPTOP-HNE737VC" failures="0" tests="1" name="TestCases.TC_Login" time="0.354" errors="0" timestamp="2024-10-25T21:20:40 IST" skipped="0">
  <testcase classname="TestCases.TC_Login" name="loginTest" time="0.354"/>
  <system-out/>
</testsuite> <!-- TestCases.TC_Login -->
