<?xml version="1.0" encoding="UTF-8"?>
<!-- Generated by org.testng.reporters.JUnitReportReporter -->
<testsuite hostname="LAPTOP-HNE737VC" failures="0" tests="1" name="TestCases.TC_Register" time="4.840" errors="0" timestamp="2024-10-25T20:35:39 IST" skipped="0">
  <testcase classname="TestCases.TC_Register" name="registerPatient" time="4.840"/>
  <system-out/>
</testsuite> <!-- TestCases.TC_Register -->
