<?xml version="1.0" encoding="UTF-8"?>
<!-- Generated by org.testng.reporters.JUnitReportReporter -->
<testsuite hostname="LAPTOP-HNE737VC" failures="0" tests="2" name="TestCases.TC_Pagination" time="9.209" errors="0" timestamp="2024-10-18T13:45:08 IST" skipped="0">
  <testcase classname="TestCases.TC_Pagination" name="loginTest" time="4.165"/>
  <system-out/>
  <testcase classname="TestCases.TC_Pagination" name="nextPage" time="5.044"/>
  <system-out/>
</testsuite> <!-- TestCases.TC_Pagination -->
