<?xml version="1.0" encoding="UTF-8"?>
<!-- Generated by org.testng.reporters.JUnitReportReporter -->
<testsuite hostname="LAPTOP-HNE737VC" failures="0" tests="3" name="TestCases.ViewPatients" time="7.765" errors="0" timestamp="2024-10-14T00:30:20 IST" skipped="0">
  <testcase classname="TestCases.ViewPatients" name="loginTest1" time="6.782"/>
  <system-out/>
  <testcase classname="TestCases.ViewPatients" name="registerPatient" time="0.983"/>
  <system-out/>
  <testcase classname="TestCases.ViewPatients" name="viewPatients" time="0.000"/>
  <system-out/>
</testsuite> <!-- TestCases.ViewPatients -->
