<?xml version="1.0" encoding="UTF-8"?>
<!-- Generated by org.testng.reporters.JUnitReportReporter -->
<testsuite hostname="LAPTOP-HNE737VC" failures="0" tests="1" name="TestCases.TC_ManagePatients" time="7.015" errors="0" timestamp="2024-10-18T14:23:43 IST" skipped="0">
  <testcase classname="TestCases.TC_ManagePatients" name="loginTest1" time="7.015"/>
  <system-out/>
</testsuite> <!-- TestCases.TC_ManagePatients -->
